{"/Volumes/workplace/qc/src/AWS-gcr-qc-life-science/source/src/stack.ts": {"path":"/Volumes/workplace/qc/src/AWS-gcr-qc-life-science/source/src/stack.ts","statementMap":{"0":{"start":{"line":1,"column":0},"end":{"line":1,"column":null}},"1":{"start":{"line":8,"column":12},"end":{"line":10,"column":null}},"2":{"start":{"line":13,"column":8},"end":{"line":13,"column":55}},"3":{"start":{"line":16,"column":8},"end":{"line":16,"column":49}},"4":{"start":{"line":21,"column":8},"end":{"line":24,"column":null}},"5":{"start":{"line":22,"column":27},"end":{"line":22,"column":37}},"6":{"start":{"line":23,"column":12},"end":{"line":23,"column":102}},"7":{"start":{"line":25,"column":8},"end":{"line":25,"column":31}},"8":{"start":{"line":28,"column":8},"end":{"line":30,"column":null}},"9":{"start":{"line":29,"column":12},"end":{"line":29,"column":47}},"10":{"start":{"line":31,"column":22},"end":{"line":40,"column":9}},"11":{"start":{"line":32,"column":12},"end":{"line":39,"column":14}},"12":{"start":{"line":37,"column":20},"end":{"line":37,"column":48}},"13":{"start":{"line":38,"column":32},"end":{"line":38,"column":34}},"14":{"start":{"line":41,"column":8},"end":{"line":43,"column":10}},"15":{"start":{"line":42,"column":70},"end":{"line":42,"column":103}},"16":{"start":{"line":7,"column":0},"end":{"line":7,"column":13}}},"fnMap":{"0":{"name":"(anonymous_0)","decl":{"start":{"line":7,"column":0},"end":{"line":7,"column":13}},"loc":{"start":{"line":7,"column":0},"end":{"line":45,"column":1}}},"1":{"name":"(anonymous_1)","decl":{"start":{"line":12,"column":14},"end":{"line":12,"column":28}},"loc":{"start":{"line":12,"column":48},"end":{"line":14,"column":5}}},"2":{"name":"(anonymous_2)","decl":{"start":{"line":15,"column":14},"end":{"line":15,"column":22}},"loc":{"start":{"line":15,"column":62},"end":{"line":17,"column":5}}},"3":{"name":"(anonymous_3)","decl":{"start":{"line":18,"column":14},"end":{"line":18,"column":27}},"loc":{"start":{"line":20,"column":5},"end":{"line":26,"column":5}}},"4":{"name":"(anonymous_4)","decl":{"start":{"line":27,"column":12},"end":{"line":27,"column":27}},"loc":{"start":{"line":27,"column":27},"end":{"line":44,"column":5}}},"5":{"name":"(anonymous_5)","decl":{"start":{"line":31,"column":22},"end":{"line":31,"column":23}},"loc":{"start":{"line":31,"column":64},"end":{"line":40,"column":9}}},"6":{"name":"(anonymous_6)","decl":{"start":{"line":36,"column":39},"end":{"line":36,"column":40}},"loc":{"start":{"line":36,"column":43},"end":{"line":38,"column":17}}},"7":{"name":"(anonymous_7)","decl":{"start":{"line":38,"column":26},"end":{"line":38,"column":28}},"loc":{"start":{"line":38,"column":32},"end":{"line":38,"column":34}}},"8":{"name":"(anonymous_8)","decl":{"start":{"line":42,"column":63},"end":{"line":42,"column":66}},"loc":{"start":{"line":42,"column":70},"end":{"line":42,"column":103}}}},"branchMap":{"0":{"loc":{"start":{"line":23,"column":50},"end":{"line":23,"column":100}},"type":"cond-expr","locations":[{"start":{"line":23,"column":74},"end":{"line":23,"column":95}},{"start":{"line":23,"column":98},"end":{"line":23,"column":100}}]},"1":{"loc":{"start":{"line":28,"column":8},"end":{"line":30,"column":null}},"type":"if","locations":[{"start":{"line":28,"column":8},"end":{"line":30,"column":null}}]},"2":{"loc":{"start":{"line":37,"column":27},"end":{"line":37,"column":47}},"type":"cond-expr","locations":[{"start":{"line":37,"column":31},"end":{"line":37,"column":42}},{"start":{"line":37,"column":45},"end":{"line":37,"column":47}}]}},"s":{"0":5,"1":28,"2":27,"3":0,"4":0,"5":0,"6":0,"7":0,"8":0,"9":0,"10":0,"11":0,"12":0,"13":0,"14":0,"15":0,"16":5},"f":{"0":28,"1":27,"2":0,"3":0,"4":0,"5":0,"6":0,"7":0,"8":0},"b":{"0":[0,0],"1":[0],"2":[0,0]}}
,"/Volumes/workplace/qc/src/AWS-gcr-qc-life-science/source/src/molecule-unfolding/cdk/construct-benchmark.ts": {"path":"/Volumes/workplace/qc/src/AWS-gcr-qc-life-science/source/src/molecule-unfolding/cdk/construct-benchmark.ts","statementMap":{"0":{"start":{"line":1,"column":0},"end":{"line":1,"column":37}},"1":{"start":{"line":4,"column":0},"end":{"line":4,"column":39}},"2":{"start":{"line":5,"column":0},"end":{"line":5,"column":50}},"3":{"start":{"line":6,"column":0},"end":{"line":6,"column":58}},"4":{"start":{"line":8,"column":0},"end":{"line":8,"column":39}},"5":{"start":{"line":11,"column":0},"end":{"line":11,"column":null}},"6":{"start":{"line":16,"column":0},"end":{"line":16,"column":null}},"7":{"start":{"line":20,"column":0},"end":{"line":20,"column":null}},"8":{"start":{"line":24,"column":0},"end":{"line":24,"column":null}},"9":{"start":{"line":28,"column":0},"end":{"line":28,"column":null}},"10":{"start":{"line":54,"column":8},"end":{"line":54,"column":25}},"11":{"start":{"line":55,"column":8},"end":{"line":55,"column":27}},"12":{"start":{"line":56,"column":8},"end":{"line":56,"column":null}},"13":{"start":{"line":57,"column":8},"end":{"line":57,"column":null}},"14":{"start":{"line":59,"column":8},"end":{"line":62,"column":11}},"15":{"start":{"line":64,"column":8},"end":{"line":67,"column":null}},"16":{"start":{"line":68,"column":32},"end":{"line":68,"column":76}},"17":{"start":{"line":70,"column":37},"end":{"line":70,"column":79}},"18":{"start":{"line":71,"column":32},"end":{"line":71,"column":60}},"19":{"start":{"line":72,"column":32},"end":{"line":72,"column":75}},"20":{"start":{"line":73,"column":31},"end":{"line":73,"column":73}},"21":{"start":{"line":74,"column":37},"end":{"line":74,"column":101}},"22":{"start":{"line":75,"column":30},"end":{"line":75,"column":56}},"23":{"start":{"line":76,"column":27},"end":{"line":76,"column":53}},"24":{"start":{"line":77,"column":26},"end":{"line":77,"column":73}},"25":{"start":{"line":79,"column":26},"end":{"line":87,"column":26}},"26":{"start":{"line":89,"column":25},"end":{"line":97,"column":26}},"27":{"start":{"line":99,"column":31},"end":{"line":107,"column":26}},"28":{"start":{"line":109,"column":27},"end":{"line":113,"column":38}},"29":{"start":{"line":115,"column":35},"end":{"line":116,"column":29}},"30":{"start":{"line":118,"column":38},"end":{"line":121,"column":10}},"31":{"start":{"line":124,"column":8},"end":{"line":127,"column":11}},"32":{"start":{"line":131,"column":8},"end":{"line":141,"column":11}},"33":{"start":{"line":145,"column":28},"end":{"line":145,"column":59}},"34":{"start":{"line":146,"column":34},"end":{"line":146,"column":74}},"35":{"start":{"line":148,"column":32},"end":{"line":160,"column":10}},"36":{"start":{"line":161,"column":8},"end":{"line":161,"column":31}},"37":{"start":{"line":165,"column":36},"end":{"line":173,"column":10}},"38":{"start":{"line":175,"column":35},"end":{"line":183,"column":10}},"39":{"start":{"line":185,"column":33},"end":{"line":185,"column":75}},"40":{"start":{"line":186,"column":8},"end":{"line":186,"column":null}},"41":{"start":{"line":187,"column":8},"end":{"line":187,"column":null}},"42":{"start":{"line":189,"column":37},"end":{"line":191,"column":10}},"43":{"start":{"line":192,"column":8},"end":{"line":192,"column":36}},"44":{"start":{"line":197,"column":40},"end":{"line":206,"column":10}},"45":{"start":{"line":208,"column":42},"end":{"line":208,"column":96}},"46":{"start":{"line":210,"column":46},"end":{"line":218,"column":10}},"47":{"start":{"line":220,"column":36},"end":{"line":229,"column":10}},"48":{"start":{"line":230,"column":8},"end":{"line":230,"column":68}},"49":{"start":{"line":231,"column":31},"end":{"line":233,"column":10}},"50":{"start":{"line":234,"column":8},"end":{"line":234,"column":30}},"51":{"start":{"line":239,"column":36},"end":{"line":239,"column":79}},"52":{"start":{"line":240,"column":34},"end":{"line":250,"column":10}},"53":{"start":{"line":252,"column":40},"end":{"line":262,"column":10}},"54":{"start":{"line":264,"column":33},"end":{"line":264,"column":56}},"55":{"start":{"line":266,"column":34},"end":{"line":275,"column":10}},"56":{"start":{"line":277,"column":8},"end":{"line":277,"column":53}},"57":{"start":{"line":279,"column":34},"end":{"line":279,"column":73}},"58":{"start":{"line":281,"column":27},"end":{"line":284,"column":41}},"59":{"start":{"line":286,"column":22},"end":{"line":286,"column":73}},"60":{"start":{"line":288,"column":31},"end":{"line":290,"column":10}},"61":{"start":{"line":291,"column":8},"end":{"line":291,"column":30}},"62":{"start":{"line":295,"column":37},"end":{"line":304,"column":10}},"63":{"start":{"line":305,"column":28},"end":{"line":305,"column":59}},"64":{"start":{"line":306,"column":23},"end":{"line":306,"column":83}},"65":{"start":{"line":308,"column":26},"end":{"line":333,"column":10}},"66":{"start":{"line":335,"column":37},"end":{"line":337,"column":10}},"67":{"start":{"line":339,"column":35},"end":{"line":348,"column":10}},"68":{"start":{"line":349,"column":8},"end":{"line":349,"column":58}},"69":{"start":{"line":351,"column":22},"end":{"line":351,"column":84}},"70":{"start":{"line":353,"column":32},"end":{"line":356,"column":10}},"71":{"start":{"line":357,"column":8},"end":{"line":365,"column":12}},"72":{"start":{"line":366,"column":8},"end":{"line":375,"column":12}},"73":{"start":{"line":376,"column":8},"end":{"line":376,"column":null}},"74":{"start":{"line":380,"column":32},"end":{"line":380,"column":71}},"75":{"start":{"line":381,"column":30},"end":{"line":390,"column":10}},"76":{"start":{"line":391,"column":8},"end":{"line":391,"column":29}},"77":{"start":{"line":395,"column":38},"end":{"line":395,"column":80}},"78":{"start":{"line":396,"column":33},"end":{"line":407,"column":10}},"79":{"start":{"line":408,"column":8},"end":{"line":408,"column":32}},"80":{"start":{"line":412,"column":22},"end":{"line":414,"column":10}},"81":{"start":{"line":415,"column":24},"end":{"line":425,"column":10}},"82":{"start":{"line":427,"column":8},"end":{"line":430,"column":11}},"83":{"start":{"line":432,"column":8},"end":{"line":432,"column":null}},"84":{"start":{"line":44,"column":0},"end":{"line":44,"column":13}}},"fnMap":{"0":{"name":"(anonymous_0)","decl":{"start":{"line":53,"column":4},"end":{"line":53,"column":16}},"loc":{"start":{"line":53,"column":63},"end":{"line":128,"column":5}}},"1":{"name":"(anonymous_1)","decl":{"start":{"line":130,"column":12},"end":{"line":130,"column":32}},"loc":{"start":{"line":130,"column":65},"end":{"line":142,"column":5}}},"2":{"name":"(anonymous_2)","decl":{"start":{"line":144,"column":12},"end":{"line":144,"column":33}},"loc":{"start":{"line":144,"column":33},"end":{"line":162,"column":5}}},"3":{"name":"(anonymous_3)","decl":{"start":{"line":164,"column":12},"end":{"line":164,"column":38}},"loc":{"start":{"line":164,"column":106},"end":{"line":193,"column":5}}},"4":{"name":"(anonymous_4)","decl":{"start":{"line":195,"column":12},"end":{"line":195,"column":32}},"loc":{"start":{"line":195,"column":66},"end":{"line":235,"column":5}}},"5":{"name":"(anonymous_5)","decl":{"start":{"line":237,"column":12},"end":{"line":237,"column":43}},"loc":{"start":{"line":237,"column":77},"end":{"line":292,"column":5}}},"6":{"name":"(anonymous_6)","decl":{"start":{"line":294,"column":12},"end":{"line":294,"column":33}},"loc":{"start":{"line":294,"column":67},"end":{"line":377,"column":5}}},"7":{"name":"(anonymous_7)","decl":{"start":{"line":379,"column":12},"end":{"line":379,"column":31}},"loc":{"start":{"line":379,"column":31},"end":{"line":392,"column":5}}},"8":{"name":"(anonymous_8)","decl":{"start":{"line":394,"column":12},"end":{"line":394,"column":28}},"loc":{"start":{"line":394,"column":28},"end":{"line":409,"column":5}}},"9":{"name":"(anonymous_9)","decl":{"start":{"line":411,"column":12},"end":{"line":411,"column":31}},"loc":{"start":{"line":411,"column":31},"end":{"line":433,"column":5}}}},"branchMap":{},"s":{"0":5,"1":5,"2":5,"3":5,"4":5,"5":5,"6":5,"7":5,"8":5,"9":5,"10":27,"11":27,"12":27,"13":27,"14":27,"15":27,"16":27,"17":27,"18":27,"19":27,"20":27,"21":27,"22":27,"23":27,"24":27,"25":27,"26":27,"27":27,"28":27,"29":27,"30":27,"31":27,"32":27,"33":27,"34":27,"35":27,"36":27,"37":27,"38":27,"39":27,"40":27,"41":27,"42":27,"43":27,"44":27,"45":27,"46":27,"47":27,"48":27,"49":27,"50":27,"51":27,"52":27,"53":27,"54":27,"55":27,"56":27,"57":27,"58":27,"59":27,"60":27,"61":27,"62":27,"63":27,"64":27,"65":27,"66":27,"67":27,"68":27,"69":27,"70":27,"71":27,"72":27,"73":27,"74":27,"75":27,"76":27,"77":27,"78":27,"79":27,"80":27,"81":27,"82":27,"83":27,"84":5},"f":{"0":27,"1":27,"2":27,"3":27,"4":27,"5":27,"6":27,"7":27,"8":27,"9":27},"b":{}}
,"/Volumes/workplace/qc/src/AWS-gcr-qc-life-science/source/src/molecule-unfolding/cdk/construct-dashboard.ts": {"path":"/Volumes/workplace/qc/src/AWS-gcr-qc-life-science/source/src/molecule-unfolding/cdk/construct-dashboard.ts","statementMap":{"0":{"start":{"line":1,"column":0},"end":{"line":1,"column":37}},"1":{"start":{"line":3,"column":0},"end":{"line":3,"column":54}},"2":{"start":{"line":18,"column":8},"end":{"line":18,"column":25}},"3":{"start":{"line":19,"column":8},"end":{"line":19,"column":null}},"4":{"start":{"line":21,"column":44},"end":{"line":21,"column":146}},"5":{"start":{"line":22,"column":49},"end":{"line":26,"column":10}},"6":{"start":{"line":28,"column":38},"end":{"line":28,"column":111}},"7":{"start":{"line":29,"column":36},"end":{"line":33,"column":10}},"8":{"start":{"line":35,"column":34},"end":{"line":35,"column":80}},"9":{"start":{"line":36,"column":28},"end":{"line":36,"column":119}},"10":{"start":{"line":38,"column":31},"end":{"line":38,"column":133}},"11":{"start":{"line":39,"column":29},"end":{"line":60,"column":10}},"12":{"start":{"line":62,"column":24},"end":{"line":122,"column":10}},"13":{"start":{"line":124,"column":26},"end":{"line":154,"column":10}},"14":{"start":{"line":157,"column":30},"end":{"line":170,"column":10}},"15":{"start":{"line":172,"column":37},"end":{"line":205,"column":10}},"16":{"start":{"line":207,"column":36},"end":{"line":234,"column":10}},"17":{"start":{"line":237,"column":8},"end":{"line":240,"column":11}},"18":{"start":{"line":242,"column":8},"end":{"line":245,"column":11}},"19":{"start":{"line":13,"column":0},"end":{"line":13,"column":13}}},"fnMap":{"0":{"name":"(anonymous_0)","decl":{"start":{"line":17,"column":4},"end":{"line":17,"column":16}},"loc":{"start":{"line":17,"column":71},"end":{"line":246,"column":5}}}},"branchMap":{"0":{"loc":{"start":{"line":21,"column":44},"end":{"line":21,"column":146}},"type":"binary-expr","locations":[{"start":{"line":21,"column":44},"end":{"line":21,"column":101}},{"start":{"line":21,"column":105},"end":{"line":21,"column":146}}]},"1":{"loc":{"start":{"line":28,"column":38},"end":{"line":28,"column":111}},"type":"binary-expr","locations":[{"start":{"line":28,"column":38},"end":{"line":28,"column":80}},{"start":{"line":28,"column":84},"end":{"line":28,"column":111}}]}},"s":{"0":5,"1":5,"2":27,"3":27,"4":27,"5":27,"6":27,"7":27,"8":27,"9":27,"10":27,"11":27,"12":27,"13":27,"14":27,"15":27,"16":27,"17":27,"18":27,"19":5},"f":{"0":27},"b":{"0":[27,27],"1":[27,27]}}
,"/Volumes/workplace/qc/src/AWS-gcr-qc-life-science/source/src/molecule-unfolding/cdk/construct-listener.ts": {"path":"/Volumes/workplace/qc/src/AWS-gcr-qc-life-science/source/src/molecule-unfolding/cdk/construct-listener.ts","statementMap":{"0":{"start":{"line":1,"column":0},"end":{"line":1,"column":37}},"1":{"start":{"line":2,"column":0},"end":{"line":2,"column":38}},"2":{"start":{"line":3,"column":0},"end":{"line":3,"column":40}},"3":{"start":{"line":4,"column":0},"end":{"line":4,"column":46}},"4":{"start":{"line":6,"column":0},"end":{"line":6,"column":null}},"5":{"start":{"line":11,"column":0},"end":{"line":11,"column":null}},"6":{"start":{"line":15,"column":12},"end":{"line":15,"column":52}},"7":{"start":{"line":33,"column":8},"end":{"line":33,"column":25}},"8":{"start":{"line":34,"column":8},"end":{"line":34,"column":null}},"9":{"start":{"line":35,"column":8},"end":{"line":35,"column":null}},"10":{"start":{"line":36,"column":8},"end":{"line":36,"column":null}},"11":{"start":{"line":37,"column":8},"end":{"line":37,"column":null}},"12":{"start":{"line":41,"column":27},"end":{"line":41,"column":95}},"13":{"start":{"line":42,"column":21},"end":{"line":42,"column":112}},"14":{"start":{"line":43,"column":40},"end":{"line":54,"column":10}},"15":{"start":{"line":56,"column":8},"end":{"line":60,"column":15}},"16":{"start":{"line":27,"column":0},"end":{"line":27,"column":13}}},"fnMap":{"0":{"name":"(anonymous_0)","decl":{"start":{"line":32,"column":4},"end":{"line":32,"column":16}},"loc":{"start":{"line":32,"column":62},"end":{"line":38,"column":5}}},"1":{"name":"(anonymous_1)","decl":{"start":{"line":40,"column":12},"end":{"line":40,"column":31}},"loc":{"start":{"line":40,"column":73},"end":{"line":61,"column":5}}}},"branchMap":{},"s":{"0":5,"1":5,"2":5,"3":5,"4":5,"5":5,"6":5,"7":27,"8":27,"9":27,"10":27,"11":27,"12":27,"13":27,"14":27,"15":27,"16":5},"f":{"0":27,"1":27},"b":{}}
,"/Volumes/workplace/qc/src/AWS-gcr-qc-life-science/source/src/molecule-unfolding/cdk/construct-notebook.ts": {"path":"/Volumes/workplace/qc/src/AWS-gcr-qc-life-science/source/src/molecule-unfolding/cdk/construct-notebook.ts","statementMap":{"0":{"start":{"line":1,"column":0},"end":{"line":1,"column":37}},"1":{"start":{"line":3,"column":0},"end":{"line":3,"column":39}},"2":{"start":{"line":5,"column":0},"end":{"line":5,"column":null}},"3":{"start":{"line":10,"column":0},"end":{"line":10,"column":null}},"4":{"start":{"line":15,"column":0},"end":{"line":15,"column":null}},"5":{"start":{"line":19,"column":0},"end":{"line":19,"column":null}},"6":{"start":{"line":40,"column":8},"end":{"line":40,"column":25}},"7":{"start":{"line":41,"column":8},"end":{"line":41,"column":null}},"8":{"start":{"line":42,"column":30},"end":{"line":42,"column":44}},"9":{"start":{"line":44,"column":8},"end":{"line":49,"column":11}},"10":{"start":{"line":51,"column":34},"end":{"line":55,"column":10}},"11":{"start":{"line":57,"column":29},"end":{"line":57,"column":66}},"12":{"start":{"line":59,"column":29},"end":{"line":59,"column":93}},"13":{"start":{"line":60,"column":8},"end":{"line":63,"column":null}},"14":{"start":{"line":62,"column":12},"end":{"line":62,"column":null}},"15":{"start":{"line":65,"column":29},"end":{"line":65,"column":99}},"16":{"start":{"line":65,"column":54},"end":{"line":65,"column":99}},"17":{"start":{"line":66,"column":37},"end":{"line":66,"column":65}},"18":{"start":{"line":68,"column":33},"end":{"line":72,"column":10}},"19":{"start":{"line":74,"column":30},"end":{"line":76,"column":10}},"20":{"start":{"line":78,"column":32},"end":{"line":85,"column":10}},"21":{"start":{"line":88,"column":28},"end":{"line":88,"column":193}},"22":{"start":{"line":90,"column":8},"end":{"line":93,"column":11}},"23":{"start":{"line":33,"column":0},"end":{"line":33,"column":13}}},"fnMap":{"0":{"name":"(anonymous_0)","decl":{"start":{"line":39,"column":4},"end":{"line":39,"column":16}},"loc":{"start":{"line":39,"column":58},"end":{"line":94,"column":5}}},"1":{"name":"(anonymous_1)","decl":{"start":{"line":65,"column":29},"end":{"line":65,"column":30}},"loc":{"start":{"line":65,"column":54},"end":{"line":65,"column":99}}}},"branchMap":{"0":{"loc":{"start":{"line":60,"column":8},"end":{"line":63,"column":null}},"type":"if","locations":[{"start":{"line":60,"column":8},"end":{"line":63,"column":null}}]}},"s":{"0":5,"1":5,"2":5,"3":5,"4":5,"5":5,"6":27,"7":27,"8":27,"9":27,"10":27,"11":27,"12":27,"13":27,"14":27,"15":27,"16":27,"17":27,"18":27,"19":27,"20":27,"21":27,"22":27,"23":5},"f":{"0":27,"1":27},"b":{"0":[27]}}
,"/Volumes/workplace/qc/src/AWS-gcr-qc-life-science/source/src/molecule-unfolding/cdk/stack-main.ts": {"path":"/Volumes/workplace/qc/src/AWS-gcr-qc-life-science/source/src/molecule-unfolding/cdk/stack-main.ts","statementMap":{"0":{"start":{"line":1,"column":0},"end":{"line":1,"column":37}},"1":{"start":{"line":2,"column":0},"end":{"line":2,"column":38}},"2":{"start":{"line":3,"column":0},"end":{"line":3,"column":42}},"3":{"start":{"line":5,"column":0},"end":{"line":5,"column":null}},"4":{"start":{"line":11,"column":0},"end":{"line":11,"column":null}},"5":{"start":{"line":15,"column":0},"end":{"line":15,"column":null}},"6":{"start":{"line":19,"column":0},"end":{"line":19,"column":null}},"7":{"start":{"line":23,"column":0},"end":{"line":23,"column":null}},"8":{"start":{"line":27,"column":0},"end":{"line":27,"column":null}},"9":{"start":{"line":31,"column":0},"end":{"line":31,"column":null}},"10":{"start":{"line":39,"column":4},"end":{"line":39,"column":28}},"11":{"start":{"line":40,"column":4},"end":{"line":40,"column":91}},"12":{"start":{"line":41,"column":22},"end":{"line":41,"column":36}},"13":{"start":{"line":43,"column":19},"end":{"line":43,"column":39}},"14":{"start":{"line":45,"column":21},"end":{"line":50,"column":6}},"15":{"start":{"line":52,"column":37},"end":{"line":52,"column":114}},"16":{"start":{"line":53,"column":27},"end":{"line":53,"column":32}},"17":{"start":{"line":54,"column":4},"end":{"line":58,"column":null}},"18":{"start":{"line":55,"column":6},"end":{"line":55,"column":null}},"19":{"start":{"line":57,"column":6},"end":{"line":57,"column":null}},"20":{"start":{"line":62,"column":4},"end":{"line":65,"column":7}},"21":{"start":{"line":71,"column":8},"end":{"line":71,"column":30}},"22":{"start":{"line":75,"column":21},"end":{"line":81,"column":6}},"23":{"start":{"line":84,"column":22},"end":{"line":90,"column":6}},"24":{"start":{"line":93,"column":31},"end":{"line":103,"column":6}},"25":{"start":{"line":105,"column":4},"end":{"line":108,"column":null}},"26":{"start":{"line":107,"column":6},"end":{"line":107,"column":null}},"27":{"start":{"line":111,"column":4},"end":{"line":119,"column":7}},"28":{"start":{"line":121,"column":4},"end":{"line":121,"column":42}},"29":{"start":{"line":35,"column":0},"end":{"line":35,"column":13}}},"fnMap":{"0":{"name":"(anonymous_0)","decl":{"start":{"line":38,"column":2},"end":{"line":38,"column":14}},"loc":{"start":{"line":38,"column":66},"end":{"line":122,"column":3}}}},"branchMap":{"0":{"loc":{"start":{"line":38,"column":44},"end":{"line":38,"column":66}},"type":"default-arg","locations":[{"start":{"line":38,"column":64},"end":{"line":38,"column":66}}]},"1":{"loc":{"start":{"line":52,"column":37},"end":{"line":52,"column":114}},"type":"binary-expr","locations":[{"start":{"line":52,"column":37},"end":{"line":52,"column":103}},{"start":{"line":52,"column":107},"end":{"line":52,"column":114}}]},"2":{"loc":{"start":{"line":54,"column":4},"end":{"line":58,"column":null}},"type":"if","locations":[{"start":{"line":54,"column":4},"end":{"line":58,"column":null}},{"start":{"line":56,"column":11},"end":{"line":58,"column":null}}]},"3":{"loc":{"start":{"line":105,"column":4},"end":{"line":108,"column":null}},"type":"if","locations":[{"start":{"line":105,"column":4},"end":{"line":108,"column":null}}]}},"s":{"0":5,"1":5,"2":5,"3":5,"4":5,"5":5,"6":5,"7":5,"8":5,"9":5,"10":27,"11":27,"12":27,"13":27,"14":27,"15":27,"16":27,"17":27,"18":0,"19":27,"20":27,"21":27,"22":27,"23":27,"24":27,"25":27,"26":27,"27":27,"28":27,"29":5},"f":{"0":27},"b":{"0":[27],"1":[27,0],"2":[0,27],"3":[27]}}
,"/Volumes/workplace/qc/src/AWS-gcr-qc-life-science/source/src/molecule-unfolding/cdk/utils/utils-batch.ts": {"path":"/Volumes/workplace/qc/src/AWS-gcr-qc-life-science/source/src/molecule-unfolding/cdk/utils/utils-batch.ts","statementMap":{"0":{"start":{"line":1,"column":0},"end":{"line":1,"column":43}},"1":{"start":{"line":2,"column":0},"end":{"line":2,"column":37}},"2":{"start":{"line":3,"column":0},"end":{"line":3,"column":40}},"3":{"start":{"line":12,"column":0},"end":{"line":12,"column":null}},"4":{"start":{"line":39,"column":8},"end":{"line":39,"column":null}},"5":{"start":{"line":40,"column":8},"end":{"line":40,"column":null}},"6":{"start":{"line":41,"column":8},"end":{"line":41,"column":null}},"7":{"start":{"line":42,"column":8},"end":{"line":42,"column":97}},"8":{"start":{"line":43,"column":8},"end":{"line":43,"column":82}},"9":{"start":{"line":44,"column":8},"end":{"line":44,"column":null}},"10":{"start":{"line":50,"column":8},"end":{"line":50,"column":45}},"11":{"start":{"line":54,"column":32},"end":{"line":59,"column":10}},"12":{"start":{"line":60,"column":20},"end":{"line":60,"column":34}},"13":{"start":{"line":61,"column":24},"end":{"line":61,"column":42}},"14":{"start":{"line":63,"column":36},"end":{"line":74,"column":10}},"15":{"start":{"line":76,"column":8},"end":{"line":81,"column":null}},"16":{"start":{"line":85,"column":8},"end":{"line":85,"column":null}},"17":{"start":{"line":90,"column":22},"end":{"line":90,"column":106}},"18":{"start":{"line":91,"column":22},"end":{"line":91,"column":23}},"19":{"start":{"line":92,"column":20},"end":{"line":92,"column":21}},"20":{"start":{"line":93,"column":25},"end":{"line":93,"column":64}},"21":{"start":{"line":95,"column":8},"end":{"line":112,"column":11}},"22":{"start":{"line":118,"column":22},"end":{"line":118,"column":106}},"23":{"start":{"line":119,"column":25},"end":{"line":119,"column":64}},"24":{"start":{"line":121,"column":8},"end":{"line":139,"column":11}},"25":{"start":{"line":144,"column":8},"end":{"line":144,"column":43}},"26":{"start":{"line":27,"column":0},"end":{"line":27,"column":13}}},"fnMap":{"0":{"name":"(anonymous_0)","decl":{"start":{"line":35,"column":4},"end":{"line":35,"column":24}},"loc":{"start":{"line":38,"column":5},"end":{"line":45,"column":5}}},"1":{"name":"(anonymous_1)","decl":{"start":{"line":46,"column":11},"end":{"line":46,"column":17}},"loc":{"start":{"line":49,"column":5},"end":{"line":51,"column":5}}},"2":{"name":"(anonymous_2)","decl":{"start":{"line":53,"column":12},"end":{"line":53,"column":24}},"loc":{"start":{"line":53,"column":24},"end":{"line":82,"column":5}}},"3":{"name":"(anonymous_3)","decl":{"start":{"line":84,"column":11},"end":{"line":84,"column":25}},"loc":{"start":{"line":84,"column":25},"end":{"line":86,"column":5}}},"4":{"name":"(anonymous_4)","decl":{"start":{"line":88,"column":11},"end":{"line":88,"column":34}},"loc":{"start":{"line":88,"column":34},"end":{"line":113,"column":5}}},"5":{"name":"(anonymous_5)","decl":{"start":{"line":116,"column":11},"end":{"line":116,"column":31}},"loc":{"start":{"line":116,"column":75},"end":{"line":140,"column":5}}},"6":{"name":"(anonymous_6)","decl":{"start":{"line":143,"column":12},"end":{"line":143,"column":34}},"loc":{"start":{"line":143,"column":61},"end":{"line":145,"column":5}}}},"branchMap":{},"s":{"0":5,"1":5,"2":5,"3":5,"4":27,"5":27,"6":27,"7":27,"8":27,"9":27,"10":27,"11":27,"12":27,"13":27,"14":27,"15":27,"16":54,"17":27,"18":27,"19":27,"20":27,"21":27,"22":27,"23":27,"24":27,"25":54,"26":5},"f":{"0":27,"1":27,"2":27,"3":54,"4":27,"5":27,"6":54},"b":{}}
,"/Volumes/workplace/qc/src/AWS-gcr-qc-life-science/source/src/molecule-unfolding/cdk/utils/utils-images.ts": {"path":"/Volumes/workplace/qc/src/AWS-gcr-qc-life-science/source/src/molecule-unfolding/cdk/utils/utils-images.ts","statementMap":{"0":{"start":{"line":1,"column":0},"end":{"line":1,"column":39}},"1":{"start":{"line":2,"column":0},"end":{"line":2,"column":39}},"2":{"start":{"line":5,"column":0},"end":{"line":5,"column":29}},"3":{"start":{"line":6,"column":0},"end":{"line":6,"column":46}},"4":{"start":{"line":8,"column":0},"end":{"line":8,"column":null}},"5":{"start":{"line":9,"column":4},"end":{"line":9,"column":null}},"6":{"start":{"line":10,"column":4},"end":{"line":10,"column":null}},"7":{"start":{"line":11,"column":4},"end":{"line":11,"column":null}},"8":{"start":{"line":12,"column":4},"end":{"line":12,"column":null}},"9":{"start":{"line":13,"column":4},"end":{"line":13,"column":null}},"10":{"start":{"line":26,"column":8},"end":{"line":26,"column":null}},"11":{"start":{"line":27,"column":8},"end":{"line":27,"column":null}},"12":{"start":{"line":30,"column":8},"end":{"line":30,"column":38}},"13":{"start":{"line":34,"column":33},"end":{"line":34,"column":60}},"14":{"start":{"line":36,"column":8},"end":{"line":45,"column":null}},"15":{"start":{"line":37,"column":12},"end":{"line":42,"column":null}},"16":{"start":{"line":38,"column":16},"end":{"line":41,"column":18}},"17":{"start":{"line":43,"column":12},"end":{"line":44,"column":null}},"18":{"start":{"line":47,"column":8},"end":{"line":57,"column":null}},"19":{"start":{"line":48,"column":12},"end":{"line":53,"column":null}},"20":{"start":{"line":49,"column":16},"end":{"line":52,"column":18}},"21":{"start":{"line":55,"column":12},"end":{"line":56,"column":null}},"22":{"start":{"line":58,"column":8},"end":{"line":66,"column":null}},"23":{"start":{"line":59,"column":12},"end":{"line":64,"column":null}},"24":{"start":{"line":60,"column":16},"end":{"line":63,"column":18}},"25":{"start":{"line":65,"column":12},"end":{"line":65,"column":123}},"26":{"start":{"line":68,"column":8},"end":{"line":76,"column":null}},"27":{"start":{"line":69,"column":12},"end":{"line":74,"column":null}},"28":{"start":{"line":70,"column":16},"end":{"line":73,"column":18}},"29":{"start":{"line":75,"column":12},"end":{"line":75,"column":115}},"30":{"start":{"line":78,"column":8},"end":{"line":86,"column":null}},"31":{"start":{"line":79,"column":12},"end":{"line":84,"column":null}},"32":{"start":{"line":80,"column":16},"end":{"line":83,"column":18}},"33":{"start":{"line":85,"column":12},"end":{"line":85,"column":120}},"34":{"start":{"line":87,"column":8},"end":{"line":87,"column":52}},"35":{"start":{"line":21,"column":0},"end":{"line":21,"column":13}}},"fnMap":{"0":{"name":"(anonymous_0)","decl":{"start":{"line":8,"column":0},"end":{"line":8,"column":12}},"loc":{"start":{"line":8,"column":27},"end":{"line":14,"column":1}}},"1":{"name":"(anonymous_1)","decl":{"start":{"line":25,"column":4},"end":{"line":25,"column":24}},"loc":{"start":{"line":25,"column":58},"end":{"line":28,"column":5}}},"2":{"name":"(anonymous_2)","decl":{"start":{"line":29,"column":11},"end":{"line":29,"column":17}},"loc":{"start":{"line":29,"column":64},"end":{"line":31,"column":5}}},"3":{"name":"(anonymous_3)","decl":{"start":{"line":33,"column":11},"end":{"line":33,"column":22}},"loc":{"start":{"line":33,"column":45},"end":{"line":88,"column":5}}}},"branchMap":{"0":{"loc":{"start":{"line":8,"column":12},"end":{"line":8,"column":null}},"type":"binary-expr","locations":[{"start":{"line":8,"column":12},"end":{"line":8,"column":27}},{"start":{"line":8,"column":12},"end":{"line":8,"column":null}}]},"1":{"loc":{"start":{"line":36,"column":8},"end":{"line":45,"column":null}},"type":"if","locations":[{"start":{"line":36,"column":8},"end":{"line":45,"column":null}}]},"2":{"loc":{"start":{"line":37,"column":12},"end":{"line":42,"column":null}},"type":"if","locations":[{"start":{"line":37,"column":12},"end":{"line":42,"column":null}}]},"3":{"loc":{"start":{"line":47,"column":8},"end":{"line":57,"column":null}},"type":"if","locations":[{"start":{"line":47,"column":8},"end":{"line":57,"column":null}}]},"4":{"loc":{"start":{"line":48,"column":12},"end":{"line":53,"column":null}},"type":"if","locations":[{"start":{"line":48,"column":12},"end":{"line":53,"column":null}}]},"5":{"loc":{"start":{"line":58,"column":8},"end":{"line":66,"column":null}},"type":"if","locations":[{"start":{"line":58,"column":8},"end":{"line":66,"column":null}}]},"6":{"loc":{"start":{"line":59,"column":12},"end":{"line":64,"column":null}},"type":"if","locations":[{"start":{"line":59,"column":12},"end":{"line":64,"column":null}}]},"7":{"loc":{"start":{"line":68,"column":8},"end":{"line":76,"column":null}},"type":"if","locations":[{"start":{"line":68,"column":8},"end":{"line":76,"column":null}}]},"8":{"loc":{"start":{"line":69,"column":12},"end":{"line":74,"column":null}},"type":"if","locations":[{"start":{"line":69,"column":12},"end":{"line":74,"column":null}}]},"9":{"loc":{"start":{"line":78,"column":8},"end":{"line":86,"column":null}},"type":"if","locations":[{"start":{"line":78,"column":8},"end":{"line":86,"column":null}}]},"10":{"loc":{"start":{"line":79,"column":12},"end":{"line":84,"column":null}},"type":"if","locations":[{"start":{"line":79,"column":12},"end":{"line":84,"column":null}}]}},"s":{"0":5,"1":5,"2":5,"3":5,"4":5,"5":5,"6":5,"7":5,"8":5,"9":5,"10":54,"11":54,"12":54,"13":135,"14":135,"15":27,"16":27,"17":0,"18":108,"19":27,"20":27,"21":0,"22":81,"23":27,"24":27,"25":0,"26":54,"27":27,"28":27,"29":0,"30":27,"31":27,"32":27,"33":0,"34":0,"35":5},"f":{"0":5,"1":54,"2":54,"3":135},"b":{"0":[5,5],"1":[27],"2":[27],"3":[27],"4":[27],"5":[27],"6":[27],"7":[27],"8":[27],"9":[27],"10":[27]}}
,"/Volumes/workplace/qc/src/AWS-gcr-qc-life-science/source/src/molecule-unfolding/cdk/utils/utils-lambda.ts": {"path":"/Volumes/workplace/qc/src/AWS-gcr-qc-life-science/source/src/molecule-unfolding/cdk/utils/utils-lambda.ts","statementMap":{"0":{"start":{"line":1,"column":0},"end":{"line":1,"column":37}},"1":{"start":{"line":3,"column":0},"end":{"line":3,"column":45}},"2":{"start":{"line":4,"column":0},"end":{"line":4,"column":29}},"3":{"start":{"line":5,"column":0},"end":{"line":5,"column":40}},"4":{"start":{"line":10,"column":0},"end":{"line":10,"column":null}},"5":{"start":{"line":37,"column":8},"end":{"line":37,"column":null}},"6":{"start":{"line":38,"column":8},"end":{"line":38,"column":null}},"7":{"start":{"line":39,"column":8},"end":{"line":39,"column":null}},"8":{"start":{"line":40,"column":8},"end":{"line":40,"column":null}},"9":{"start":{"line":47,"column":8},"end":{"line":47,"column":45}},"10":{"start":{"line":51,"column":20},"end":{"line":51,"column":34}},"11":{"start":{"line":52,"column":25},"end":{"line":52,"column":44}},"12":{"start":{"line":53,"column":30},"end":{"line":53,"column":71}},"13":{"start":{"line":54,"column":8},"end":{"line":70,"column":11}},"14":{"start":{"line":74,"column":32},"end":{"line":74,"column":102}},"15":{"start":{"line":75,"column":21},"end":{"line":75,"column":109}},"16":{"start":{"line":76,"column":20},"end":{"line":76,"column":34}},"17":{"start":{"line":77,"column":25},"end":{"line":77,"column":44}},"18":{"start":{"line":79,"column":8},"end":{"line":90,"column":null}},"19":{"start":{"line":94,"column":27},"end":{"line":94,"column":89}},"20":{"start":{"line":95,"column":21},"end":{"line":95,"column":110}},"21":{"start":{"line":96,"column":20},"end":{"line":96,"column":34}},"22":{"start":{"line":97,"column":25},"end":{"line":97,"column":44}},"23":{"start":{"line":99,"column":8},"end":{"line":110,"column":11}},"24":{"start":{"line":115,"column":27},"end":{"line":115,"column":91}},"25":{"start":{"line":116,"column":20},"end":{"line":116,"column":34}},"26":{"start":{"line":117,"column":25},"end":{"line":117,"column":44}},"27":{"start":{"line":119,"column":8},"end":{"line":132,"column":null}},"28":{"start":{"line":25,"column":0},"end":{"line":25,"column":13}}},"fnMap":{"0":{"name":"(anonymous_0)","decl":{"start":{"line":31,"column":4},"end":{"line":31,"column":24}},"loc":{"start":{"line":35,"column":9},"end":{"line":41,"column":5}}},"1":{"name":"(anonymous_1)","decl":{"start":{"line":43,"column":11},"end":{"line":43,"column":17}},"loc":{"start":{"line":46,"column":5},"end":{"line":48,"column":5}}},"2":{"name":"(anonymous_2)","decl":{"start":{"line":50,"column":11},"end":{"line":50,"column":32}},"loc":{"start":{"line":50,"column":32},"end":{"line":71,"column":5}}},"3":{"name":"(anonymous_3)","decl":{"start":{"line":73,"column":11},"end":{"line":73,"column":36}},"loc":{"start":{"line":73,"column":36},"end":{"line":91,"column":5}}},"4":{"name":"(anonymous_4)","decl":{"start":{"line":93,"column":11},"end":{"line":93,"column":35}},"loc":{"start":{"line":93,"column":35},"end":{"line":112,"column":5}}},"5":{"name":"(anonymous_5)","decl":{"start":{"line":114,"column":11},"end":{"line":114,"column":37}},"loc":{"start":{"line":114,"column":37},"end":{"line":133,"column":5}}}},"branchMap":{},"s":{"0":5,"1":5,"2":5,"3":5,"4":5,"5":27,"6":27,"7":27,"8":27,"9":27,"10":27,"11":27,"12":27,"13":27,"14":27,"15":27,"16":27,"17":27,"18":27,"19":27,"20":27,"21":27,"22":27,"23":27,"24":27,"25":27,"26":27,"27":27,"28":5},"f":{"0":27,"1":27,"2":27,"3":27,"4":27,"5":27},"b":{}}
,"/Volumes/workplace/qc/src/AWS-gcr-qc-life-science/source/src/molecule-unfolding/cdk/utils/utils-role.ts": {"path":"/Volumes/workplace/qc/src/AWS-gcr-qc-life-science/source/src/molecule-unfolding/cdk/utils/utils-role.ts","statementMap":{"0":{"start":{"line":2,"column":0},"end":{"line":2,"column":39}},"1":{"start":{"line":16,"column":8},"end":{"line":16,"column":null}},"2":{"start":{"line":17,"column":8},"end":{"line":17,"column":null}},"3":{"start":{"line":21,"column":8},"end":{"line":21,"column":38}},"4":{"start":{"line":25,"column":21},"end":{"line":27,"column":10}},"5":{"start":{"line":29,"column":8},"end":{"line":29,"column":null}},"6":{"start":{"line":30,"column":8},"end":{"line":38,"column":12}},"7":{"start":{"line":40,"column":8},"end":{"line":47,"column":12}},"8":{"start":{"line":49,"column":8},"end":{"line":82,"column":12}},"9":{"start":{"line":84,"column":8},"end":{"line":94,"column":12}},"10":{"start":{"line":95,"column":8},"end":{"line":95,"column":20}},"11":{"start":{"line":100,"column":21},"end":{"line":102,"column":10}},"12":{"start":{"line":104,"column":8},"end":{"line":104,"column":null}},"13":{"start":{"line":105,"column":8},"end":{"line":105,"column":null}},"14":{"start":{"line":107,"column":8},"end":{"line":115,"column":12}},"15":{"start":{"line":117,"column":8},"end":{"line":124,"column":12}},"16":{"start":{"line":126,"column":8},"end":{"line":136,"column":12}},"17":{"start":{"line":137,"column":8},"end":{"line":150,"column":12}},"18":{"start":{"line":151,"column":8},"end":{"line":151,"column":null}},"19":{"start":{"line":156,"column":21},"end":{"line":158,"column":10}},"20":{"start":{"line":159,"column":8},"end":{"line":159,"column":null}},"21":{"start":{"line":160,"column":8},"end":{"line":160,"column":null}},"22":{"start":{"line":161,"column":8},"end":{"line":169,"column":12}},"23":{"start":{"line":171,"column":8},"end":{"line":178,"column":12}},"24":{"start":{"line":180,"column":8},"end":{"line":198,"column":12}},"25":{"start":{"line":199,"column":8},"end":{"line":209,"column":12}},"26":{"start":{"line":210,"column":8},"end":{"line":210,"column":20}},"27":{"start":{"line":214,"column":21},"end":{"line":216,"column":10}},"28":{"start":{"line":217,"column":8},"end":{"line":217,"column":null}},"29":{"start":{"line":218,"column":8},"end":{"line":218,"column":null}},"30":{"start":{"line":220,"column":8},"end":{"line":230,"column":12}},"31":{"start":{"line":232,"column":8},"end":{"line":250,"column":12}},"32":{"start":{"line":252,"column":8},"end":{"line":271,"column":12}},"33":{"start":{"line":273,"column":8},"end":{"line":273,"column":20}},"34":{"start":{"line":278,"column":21},"end":{"line":280,"column":10}},"35":{"start":{"line":281,"column":8},"end":{"line":281,"column":null}},"36":{"start":{"line":282,"column":8},"end":{"line":282,"column":null}},"37":{"start":{"line":283,"column":8},"end":{"line":291,"column":12}},"38":{"start":{"line":293,"column":8},"end":{"line":300,"column":12}},"39":{"start":{"line":302,"column":8},"end":{"line":320,"column":12}},"40":{"start":{"line":321,"column":8},"end":{"line":331,"column":12}},"41":{"start":{"line":333,"column":8},"end":{"line":352,"column":12}},"42":{"start":{"line":353,"column":8},"end":{"line":360,"column":12}},"43":{"start":{"line":361,"column":8},"end":{"line":361,"column":20}},"44":{"start":{"line":12,"column":0},"end":{"line":12,"column":13}}},"fnMap":{"0":{"name":"(anonymous_0)","decl":{"start":{"line":15,"column":4},"end":{"line":15,"column":24}},"loc":{"start":{"line":15,"column":58},"end":{"line":18,"column":5}}},"1":{"name":"(anonymous_1)","decl":{"start":{"line":20,"column":11},"end":{"line":20,"column":17}},"loc":{"start":{"line":20,"column":64},"end":{"line":22,"column":5}}},"2":{"name":"(anonymous_2)","decl":{"start":{"line":24,"column":11},"end":{"line":24,"column":32}},"loc":{"start":{"line":24,"column":32},"end":{"line":96,"column":5}}},"3":{"name":"(anonymous_3)","decl":{"start":{"line":99,"column":11},"end":{"line":99,"column":38}},"loc":{"start":{"line":99,"column":55},"end":{"line":152,"column":5}}},"4":{"name":"(anonymous_4)","decl":{"start":{"line":155,"column":11},"end":{"line":155,"column":36}},"loc":{"start":{"line":155,"column":36},"end":{"line":211,"column":5}}},"5":{"name":"(anonymous_5)","decl":{"start":{"line":213,"column":11},"end":{"line":213,"column":33}},"loc":{"start":{"line":213,"column":50},"end":{"line":274,"column":5}}},"6":{"name":"(anonymous_6)","decl":{"start":{"line":277,"column":11},"end":{"line":277,"column":34}},"loc":{"start":{"line":277,"column":51},"end":{"line":362,"column":5}}}},"branchMap":{},"s":{"0":5,"1":81,"2":81,"3":81,"4":27,"5":27,"6":27,"7":27,"8":27,"9":27,"10":27,"11":54,"12":54,"13":54,"14":54,"15":54,"16":54,"17":54,"18":54,"19":27,"20":27,"21":27,"22":27,"23":27,"24":27,"25":27,"26":27,"27":81,"28":81,"29":81,"30":81,"31":81,"32":81,"33":81,"34":27,"35":27,"36":27,"37":27,"38":27,"39":27,"40":27,"41":27,"42":27,"43":27,"44":5},"f":{"0":81,"1":81,"2":27,"3":54,"4":27,"5":81,"6":27},"b":{}}
,"/Volumes/workplace/qc/src/AWS-gcr-qc-life-science/source/src/molecule-unfolding/cdk/utils/utils.ts": {"path":"/Volumes/workplace/qc/src/AWS-gcr-qc-life-science/source/src/molecule-unfolding/cdk/utils/utils.ts","statementMap":{"0":{"start":{"line":1,"column":0},"end":{"line":1,"column":37}},"1":{"start":{"line":2,"column":0},"end":{"line":2,"column":39}},"2":{"start":{"line":3,"column":0},"end":{"line":3,"column":37}},"3":{"start":{"line":4,"column":0},"end":{"line":4,"column":39}},"4":{"start":{"line":13,"column":8},"end":{"line":15,"column":null}},"5":{"start":{"line":14,"column":12},"end":{"line":14,"column":null}},"6":{"start":{"line":11,"column":0},"end":{"line":11,"column":13}},"7":{"start":{"line":22,"column":8},"end":{"line":73,"column":null}},"8":{"start":{"line":23,"column":13},"end":{"line":37,"column":15}},"9":{"start":{"line":38,"column":15},"end":{"line":73,"column":null}},"10":{"start":{"line":39,"column":13},"end":{"line":44,"column":15}},"11":{"start":{"line":45,"column":15},"end":{"line":73,"column":null}},"12":{"start":{"line":49,"column":13},"end":{"line":54,"column":15}},"13":{"start":{"line":55,"column":15},"end":{"line":73,"column":null}},"14":{"start":{"line":56,"column":12},"end":{"line":61,"column":15}},"15":{"start":{"line":62,"column":15},"end":{"line":73,"column":null}},"16":{"start":{"line":63,"column":12},"end":{"line":72,"column":15}},"17":{"start":{"line":19,"column":0},"end":{"line":19,"column":13}},"18":{"start":{"line":78,"column":4},"end":{"line":100,"column":8}},"19":{"start":{"line":77,"column":0},"end":{"line":77,"column":16}}},"fnMap":{"0":{"name":"(anonymous_0)","decl":{"start":{"line":12,"column":4},"end":{"line":12,"column":9}},"loc":{"start":{"line":12,"column":30},"end":{"line":16,"column":5}}},"1":{"name":"(anonymous_1)","decl":{"start":{"line":20,"column":4},"end":{"line":20,"column":9}},"loc":{"start":{"line":20,"column":30},"end":{"line":74,"column":5}}},"2":{"name":"grantKmsKeyPerm","decl":{"start":{"line":77,"column":16},"end":{"line":77,"column":31}},"loc":{"start":{"line":77,"column":70},"end":{"line":101,"column":1}}}},"branchMap":{"0":{"loc":{"start":{"line":13,"column":8},"end":{"line":15,"column":null}},"type":"if","locations":[{"start":{"line":13,"column":8},"end":{"line":15,"column":null}}]},"1":{"loc":{"start":{"line":13,"column":12},"end":{"line":13,"column":69}},"type":"binary-expr","locations":[{"start":{"line":13,"column":12},"end":{"line":13,"column":41}},{"start":{"line":13,"column":45},"end":{"line":13,"column":69}}]},"2":{"loc":{"start":{"line":22,"column":8},"end":{"line":73,"column":null}},"type":"if","locations":[{"start":{"line":22,"column":8},"end":{"line":73,"column":null}},{"start":{"line":38,"column":15},"end":{"line":73,"column":null}}]},"3":{"loc":{"start":{"line":38,"column":15},"end":{"line":73,"column":null}},"type":"if","locations":[{"start":{"line":38,"column":15},"end":{"line":73,"column":null}},{"start":{"line":45,"column":15},"end":{"line":73,"column":null}}]},"4":{"loc":{"start":{"line":45,"column":15},"end":{"line":73,"column":null}},"type":"if","locations":[{"start":{"line":45,"column":15},"end":{"line":73,"column":null}},{"start":{"line":55,"column":15},"end":{"line":73,"column":null}}]},"5":{"loc":{"start":{"line":45,"column":19},"end":{"line":47,"column":82}},"type":"binary-expr","locations":[{"start":{"line":45,"column":19},"end":{"line":45,"column":77}},{"start":{"line":46,"column":12},"end":{"line":46,"column":76}},{"start":{"line":47,"column":12},"end":{"line":47,"column":82}}]},"6":{"loc":{"start":{"line":55,"column":15},"end":{"line":73,"column":null}},"type":"if","locations":[{"start":{"line":55,"column":15},"end":{"line":73,"column":null}},{"start":{"line":62,"column":15},"end":{"line":73,"column":null}}]},"7":{"loc":{"start":{"line":62,"column":15},"end":{"line":73,"column":null}},"type":"if","locations":[{"start":{"line":62,"column":15},"end":{"line":73,"column":null}}]},"8":{"loc":{"start":{"line":95,"column":34},"end":{"line":95,"column":67}},"type":"cond-expr","locations":[{"start":{"line":95,"column":49},"end":{"line":95,"column":61}},{"start":{"line":95,"column":64},"end":{"line":95,"column":67}}]}},"s":{"0":5,"1":5,"2":5,"3":5,"4":416,"5":52,"6":5,"7":5876,"8":0,"9":5876,"10":0,"11":5876,"12":0,"13":5876,"14":26,"15":5850,"16":52,"17":5,"18":27,"19":5},"f":{"0":416,"1":5876,"2":27},"b":{"0":[52],"1":[416,52],"2":[0,5876],"3":[0,5876],"4":[0,5876],"5":[5876,5876,5876],"6":[26,5850],"7":[52],"8":[0,27]}}
,"/Volumes/workplace/qc/src/AWS-gcr-qc-life-science/source/src/molecule-unfolding/cdk/utils/vpc.ts": {"path":"/Volumes/workplace/qc/src/AWS-gcr-qc-life-science/source/src/molecule-unfolding/cdk/utils/vpc.ts","statementMap":{"0":{"start":{"line":1,"column":0},"end":{"line":1,"column":41}},"1":{"start":{"line":2,"column":0},"end":{"line":2,"column":39}},"2":{"start":{"line":3,"column":0},"end":{"line":3,"column":40}},"3":{"start":{"line":4,"column":0},"end":{"line":4,"column":null}},"4":{"start":{"line":9,"column":0},"end":{"line":9,"column":null}},"5":{"start":{"line":15,"column":0},"end":{"line":67,"column":null}},"6":{"start":{"line":17,"column":16},"end":{"line":30,"column":6}},"7":{"start":{"line":32,"column":4},"end":{"line":34,"column":7}},"8":{"start":{"line":33,"column":8},"end":{"line":33,"column":null}},"9":{"start":{"line":36,"column":19},"end":{"line":38,"column":6}},"10":{"start":{"line":39,"column":4},"end":{"line":39,"column":28}},"11":{"start":{"line":41,"column":23},"end":{"line":43,"column":6}},"12":{"start":{"line":45,"column":4},"end":{"line":48,"column":7}},"13":{"start":{"line":50,"column":20},"end":{"line":54,"column":6}},"14":{"start":{"line":56,"column":21},"end":{"line":60,"column":6}},"15":{"start":{"line":62,"column":4},"end":{"line":66,"column":null}}},"fnMap":{"0":{"name":"(anonymous_0)","decl":{"start":{"line":15,"column":15},"end":{"line":15,"column":16}},"loc":{"start":{"line":15,"column":36},"end":{"line":67,"column":1}}},"1":{"name":"(anonymous_1)","decl":{"start":{"line":32,"column":30},"end":{"line":32,"column":31}},"loc":{"start":{"line":32,"column":34},"end":{"line":34,"column":5}}}},"branchMap":{},"s":{"0":5,"1":5,"2":5,"3":5,"4":5,"5":5,"6":27,"7":27,"8":54,"9":27,"10":27,"11":27,"12":27,"13":27,"14":27,"15":27},"f":{"0":27,"1":54},"b":{}}
}
