{"/Volumes/workplace/qc/src/AWS-gcr-qc-life-science/source/src/stack.ts": {"path":"/Volumes/workplace/qc/src/AWS-gcr-qc-life-science/source/src/stack.ts","statementMap":{"0":{"start":{"line":1,"column":0},"end":{"line":1,"column":29}},"1":{"start":{"line":2,"column":0},"end":{"line":2,"column":40}},"2":{"start":{"line":3,"column":0},"end":{"line":3,"column":46}},"3":{"start":{"line":4,"column":0},"end":{"line":4,"column":111}},"4":{"start":{"line":7,"column":10},"end":{"line":7,"column":null}},"5":{"start":{"line":9,"column":50},"end":{"line":9,"column":97}},"6":{"start":{"line":10,"column":76},"end":{"line":10,"column":117}},"7":{"start":{"line":12,"column":4},"end":{"line":15,"column":null}},"8":{"start":{"line":13,"column":21},"end":{"line":13,"column":31}},"9":{"start":{"line":14,"column":6},"end":{"line":14,"column":73}},"10":{"start":{"line":16,"column":4},"end":{"line":16,"column":27}},"11":{"start":{"line":19,"column":4},"end":{"line":19,"column":null}},"12":{"start":{"line":19,"column":42},"end":{"line":19,"column":77}},"13":{"start":{"line":20,"column":18},"end":{"line":27,"column":5}},"14":{"start":{"line":21,"column":6},"end":{"line":26,"column":8}},"15":{"start":{"line":24,"column":10},"end":{"line":24,"column":38}},"16":{"start":{"line":25,"column":24},"end":{"line":25,"column":26}},"17":{"start":{"line":28,"column":4},"end":{"line":30,"column":6}},"18":{"start":{"line":29,"column":64},"end":{"line":29,"column":97}},"19":{"start":{"line":6,"column":0},"end":{"line":6,"column":13}},"20":{"start":{"line":36,"column":23},"end":{"line":36,"column":59}},"21":{"start":{"line":35,"column":10},"end":{"line":35,"column":64}},"22":{"start":{"line":37,"column":4},"end":{"line":39,"column":null}},"23":{"start":{"line":38,"column":6},"end":{"line":38,"column":37}},"24":{"start":{"line":42,"column":19},"end":{"line":42,"column":78}},"25":{"start":{"line":43,"column":4},"end":{"line":47,"column":6}},"26":{"start":{"line":53,"column":4},"end":{"line":53,"column":28}},"27":{"start":{"line":55,"column":15},"end":{"line":55,"column":39}},"28":{"start":{"line":57,"column":4},"end":{"line":64,"column":7}},"29":{"start":{"line":66,"column":18},"end":{"line":85,"column":6}},"30":{"start":{"line":87,"column":4},"end":{"line":92,"column":7}},"31":{"start":{"line":51,"column":0},"end":{"line":51,"column":13}}},"fnMap":{"0":{"name":"(anonymous_0)","decl":{"start":{"line":6,"column":0},"end":{"line":6,"column":13}},"loc":{"start":{"line":6,"column":0},"end":{"line":32,"column":1}}},"1":{"name":"(anonymous_1)","decl":{"start":{"line":9,"column":12},"end":{"line":9,"column":26}},"loc":{"start":{"line":9,"column":46},"end":{"line":9,"column":99}}},"2":{"name":"(anonymous_2)","decl":{"start":{"line":10,"column":12},"end":{"line":10,"column":20}},"loc":{"start":{"line":10,"column":58},"end":{"line":10,"column":119}}},"3":{"name":"(anonymous_3)","decl":{"start":{"line":11,"column":12},"end":{"line":11,"column":25}},"loc":{"start":{"line":11,"column":65},"end":{"line":17,"column":3}}},"4":{"name":"(anonymous_4)","decl":{"start":{"line":18,"column":10},"end":{"line":18,"column":25}},"loc":{"start":{"line":18,"column":25},"end":{"line":31,"column":3}}},"5":{"name":"(anonymous_5)","decl":{"start":{"line":20,"column":18},"end":{"line":20,"column":19}},"loc":{"start":{"line":20,"column":60},"end":{"line":27,"column":5}}},"6":{"name":"(anonymous_6)","decl":{"start":{"line":23,"column":31},"end":{"line":23,"column":32}},"loc":{"start":{"line":23,"column":35},"end":{"line":25,"column":9}}},"7":{"name":"(anonymous_7)","decl":{"start":{"line":25,"column":18},"end":{"line":25,"column":20}},"loc":{"start":{"line":25,"column":24},"end":{"line":25,"column":26}}},"8":{"name":"(anonymous_8)","decl":{"start":{"line":29,"column":57},"end":{"line":29,"column":60}},"loc":{"start":{"line":29,"column":64},"end":{"line":29,"column":97}}},"9":{"name":"(anonymous_9)","decl":{"start":{"line":36,"column":2},"end":{"line":36,"column":23}},"loc":{"start":{"line":36,"column":59},"end":{"line":40,"column":3}}},"10":{"name":"(anonymous_10)","decl":{"start":{"line":41,"column":9},"end":{"line":41,"column":17}},"loc":{"start":{"line":41,"column":35},"end":{"line":48,"column":3}}},"11":{"name":"(anonymous_11)","decl":{"start":{"line":52,"column":2},"end":{"line":52,"column":14}},"loc":{"start":{"line":52,"column":66},"end":{"line":93,"column":3}}}},"branchMap":{"0":{"loc":{"start":{"line":14,"column":44},"end":{"line":14,"column":71}},"type":"cond-expr","locations":[{"start":{"line":14,"column":65},"end":{"line":14,"column":69}},{"start":{"line":14,"column":69},"end":{"line":14,"column":71}}]},"1":{"loc":{"start":{"line":14,"column":44},"end":{"line":14,"column":69}},"type":"binary-expr","locations":[{"start":{"line":14,"column":44},"end":{"line":14,"column":69}},{"start":{"line":14,"column":65},"end":{"line":14,"column":69}}]},"2":{"loc":{"start":{"line":19,"column":4},"end":{"line":19,"column":null}},"type":"if","locations":[{"start":{"line":19,"column":4},"end":{"line":19,"column":null}}]},"3":{"loc":{"start":{"line":24,"column":17},"end":{"line":24,"column":37}},"type":"cond-expr","locations":[{"start":{"line":24,"column":21},"end":{"line":24,"column":32}},{"start":{"line":24,"column":35},"end":{"line":24,"column":37}}]},"4":{"loc":{"start":{"line":52,"column":44},"end":{"line":52,"column":66}},"type":"default-arg","locations":[{"start":{"line":52,"column":64},"end":{"line":52,"column":66}}]}},"s":{"0":1,"1":1,"2":1,"3":1,"4":1,"5":0,"6":0,"7":0,"8":0,"9":0,"10":0,"11":0,"12":0,"13":0,"14":0,"15":0,"16":0,"17":0,"18":0,"19":1,"20":1,"21":1,"22":1,"23":2,"24":1,"25":1,"26":1,"27":1,"28":1,"29":1,"30":0,"31":1},"f":{"0":1,"1":0,"2":0,"3":0,"4":0,"5":0,"6":0,"7":0,"8":0,"9":1,"10":1,"11":1},"b":{"0":[0,0],"1":[0,0],"2":[0],"3":[0,0],"4":[1]}}
}
