TN:
SF:src/stack.ts
FN:7,(anonymous_0)
FN:12,(anonymous_1)
FN:15,(anonymous_2)
FN:18,(anonymous_3)
FN:27,(anonymous_4)
FN:31,(anonymous_5)
FN:36,(anonymous_6)
FN:38,(anonymous_7)
FN:42,(anonymous_8)
FNF:9
FNH:2
FNDA:29,(anonymous_0)
FNDA:28,(anonymous_1)
FNDA:0,(anonymous_2)
FNDA:0,(anonymous_3)
FNDA:0,(anonymous_4)
FNDA:0,(anonymous_5)
FNDA:0,(anonymous_6)
FNDA:0,(anonymous_7)
FNDA:0,(anonymous_8)
DA:1,5
DA:7,5
DA:8,29
DA:13,28
DA:16,0
DA:21,0
DA:22,0
DA:23,0
DA:25,0
DA:28,0
DA:29,0
DA:31,0
DA:32,0
DA:37,0
DA:38,0
DA:41,0
DA:42,0
LF:17
LH:4
BRDA:23,0,0,0
BRDA:23,0,1,0
BRDA:28,1,0,0
BRDA:37,2,0,0
BRDA:37,2,1,0
BRF:5
BRH:0
end_of_record
TN:
SF:src/molecule-unfolding/cdk/construct-benchmark.ts
FN:59,(anonymous_0)
FN:153,(anonymous_1)
FN:167,(anonymous_2)
FN:187,(anonymous_3)
FN:230,(anonymous_4)
FN:286,(anonymous_5)
FN:356,(anonymous_6)
FN:454,(anonymous_7)
FN:471,(anonymous_8)
FN:489,(anonymous_9)
FNF:10
FNH:10
FNDA:28,(anonymous_0)
FNDA:28,(anonymous_1)
FNDA:28,(anonymous_2)
FNDA:28,(anonymous_3)
FNDA:28,(anonymous_4)
FNDA:28,(anonymous_5)
FNDA:28,(anonymous_6)
FNDA:28,(anonymous_7)
FNDA:28,(anonymous_8)
FNDA:28,(anonymous_9)
DA:1,5
DA:4,5
DA:5,5
DA:6,5
DA:8,5
DA:9,5
DA:10,5
DA:12,5
DA:16,5
DA:20,5
DA:24,5
DA:28,5
DA:32,5
DA:49,5
DA:60,28
DA:61,28
DA:62,28
DA:63,28
DA:65,28
DA:70,28
DA:75,28
DA:79,28
DA:81,28
DA:82,28
DA:83,28
DA:84,28
DA:85,28
DA:86,28
DA:87,28
DA:88,28
DA:90,28
DA:100,28
DA:110,28
DA:120,28
DA:126,28
DA:129,28
DA:130,28
DA:132,28
DA:137,28
DA:147,28
DA:154,28
DA:168,28
DA:169,28
DA:171,28
DA:184,28
DA:188,28
DA:198,28
DA:208,28
DA:209,28
DA:210,28
DA:212,28
DA:213,28
DA:215,28
DA:220,28
DA:227,28
DA:232,28
DA:244,28
DA:246,28
DA:256,28
DA:266,28
DA:268,28
DA:269,28
DA:271,28
DA:276,28
DA:283,28
DA:288,28
DA:289,28
DA:301,28
DA:314,28
DA:316,28
DA:327,28
DA:329,28
DA:331,28
DA:336,28
DA:338,28
DA:339,28
DA:341,28
DA:346,28
DA:353,28
DA:357,28
DA:368,28
DA:369,28
DA:371,28
DA:398,28
DA:402,28
DA:412,28
DA:414,28
DA:416,28
DA:417,28
DA:419,28
DA:424,28
DA:432,28
DA:441,28
DA:451,28
DA:455,28
DA:456,28
DA:468,28
DA:472,28
DA:473,28
DA:486,28
DA:490,28
DA:495,28
DA:511,28
DA:523,28
DA:528,28
LF:105
LH:105
BRF:0
BRH:0
end_of_record
TN:
SF:src/molecule-unfolding/cdk/construct-dashboard.ts
FN:17,(anonymous_0)
FNF:1
FNH:1
FNDA:28,(anonymous_0)
DA:1,5
DA:3,5
DA:13,5
DA:18,28
DA:19,28
DA:21,28
DA:22,28
DA:28,28
DA:29,28
DA:35,28
DA:36,28
DA:37,28
DA:39,28
DA:40,28
DA:63,28
DA:133,28
DA:166,28
DA:181,28
DA:216,28
DA:246,28
DA:251,28
LF:21
LH:21
BRDA:21,0,0,28
BRDA:21,0,1,28
BRDA:28,1,0,28
BRDA:28,1,1,28
BRDA:36,2,0,28
BRDA:36,2,1,28
BRF:6
BRH:6
end_of_record
TN:
SF:src/molecule-unfolding/cdk/construct-listener.ts
FN:32,(anonymous_0)
FN:40,(anonymous_1)
FNF:2
FNH:2
FNDA:28,(anonymous_0)
FNDA:28,(anonymous_1)
DA:1,5
DA:2,5
DA:3,5
DA:4,5
DA:6,5
DA:11,5
DA:15,5
DA:27,5
DA:33,28
DA:34,28
DA:35,28
DA:36,28
DA:37,28
DA:41,28
DA:42,28
DA:43,28
DA:56,28
LF:17
LH:17
BRF:0
BRH:0
end_of_record
TN:
SF:src/molecule-unfolding/cdk/construct-notebook.ts
FN:38,(anonymous_0)
FN:64,(anonymous_1)
FNF:2
FNH:2
FNDA:28,(anonymous_0)
FNDA:28,(anonymous_1)
DA:1,5
DA:3,5
DA:5,5
DA:10,5
DA:14,5
DA:18,5
DA:32,5
DA:39,28
DA:40,28
DA:41,28
DA:43,28
DA:50,28
DA:56,28
DA:58,28
DA:59,28
DA:61,28
DA:64,28
DA:65,28
DA:67,28
DA:73,28
DA:77,28
DA:87,28
DA:89,28
LF:23
LH:23
BRDA:59,0,0,28
BRF:1
BRH:1
end_of_record
TN:
SF:src/molecule-unfolding/cdk/stack-main.ts
FN:38,(anonymous_0)
FNF:1
FNH:1
FNDA:28,(anonymous_0)
DA:1,5
DA:2,5
DA:3,5
DA:5,5
DA:11,5
DA:15,5
DA:19,5
DA:23,5
DA:27,5
DA:31,5
DA:35,5
DA:39,28
DA:40,28
DA:41,28
DA:43,28
DA:45,28
DA:52,28
DA:53,28
DA:63,28
DA:64,28
DA:65,28
DA:66,0
DA:68,28
DA:73,28
DA:82,28
DA:86,28
DA:95,28
DA:104,28
DA:117,28
DA:119,28
DA:123,28
DA:133,28
LF:32
LH:31
BRDA:38,0,0,28
BRDA:63,1,0,28
BRDA:63,1,1,0
BRDA:65,2,0,0
BRDA:65,2,1,28
BRDA:117,3,0,28
BRF:6
BRH:4
end_of_record
TN:
SF:src/molecule-unfolding/cdk/utils/utils-batch.ts
FN:35,(anonymous_0)
FN:46,(anonymous_1)
FN:53,(anonymous_2)
FN:85,(anonymous_3)
FN:89,(anonymous_4)
FN:117,(anonymous_5)
FN:144,(anonymous_6)
FNF:7
FNH:7
FNDA:28,(anonymous_0)
FNDA:28,(anonymous_1)
FNDA:28,(anonymous_2)
FNDA:56,(anonymous_3)
FNDA:28,(anonymous_4)
FNDA:28,(anonymous_5)
FNDA:56,(anonymous_6)
DA:1,5
DA:2,5
DA:3,5
DA:12,5
DA:27,5
DA:39,28
DA:40,28
DA:41,28
DA:42,28
DA:43,28
DA:44,28
DA:50,28
DA:54,28
DA:61,28
DA:62,28
DA:64,28
DA:77,28
DA:86,56
DA:91,28
DA:92,28
DA:93,28
DA:94,28
DA:96,28
DA:119,28
DA:120,28
DA:122,28
DA:145,56
LF:27
LH:27
BRF:0
BRH:0
end_of_record
TN:
SF:src/molecule-unfolding/cdk/utils/utils-images.ts
FN:8,(anonymous_0)
FN:25,(anonymous_1)
FN:29,(anonymous_2)
FN:33,(anonymous_3)
FNF:4
FNH:4
FNDA:5,(anonymous_0)
FNDA:56,(anonymous_1)
FNDA:56,(anonymous_2)
FNDA:140,(anonymous_3)
DA:1,5
DA:2,5
DA:5,5
DA:6,5
DA:8,5
DA:9,5
DA:10,5
DA:11,5
DA:12,5
DA:13,5
DA:21,5
DA:26,56
DA:27,56
DA:30,56
DA:34,140
DA:36,140
DA:37,28
DA:38,28
DA:43,0
DA:47,112
DA:48,28
DA:49,28
DA:55,0
DA:58,84
DA:59,28
DA:60,28
DA:65,0
DA:68,56
DA:69,28
DA:70,28
DA:75,0
DA:78,28
DA:79,28
DA:80,28
DA:85,0
DA:87,0
LF:36
LH:30
BRDA:8,0,0,5
BRDA:8,0,1,5
BRDA:36,1,0,28
BRDA:37,2,0,28
BRDA:47,3,0,28
BRDA:48,4,0,28
BRDA:58,5,0,28
BRDA:59,6,0,28
BRDA:68,7,0,28
BRDA:69,8,0,28
BRDA:78,9,0,28
BRDA:79,10,0,28
BRF:12
BRH:12
end_of_record
TN:
SF:src/molecule-unfolding/cdk/utils/utils-lambda.ts
FN:31,(anonymous_0)
FN:43,(anonymous_1)
FN:50,(anonymous_2)
FN:73,(anonymous_3)
FN:93,(anonymous_4)
FN:114,(anonymous_5)
FNF:6
FNH:6
FNDA:28,(anonymous_0)
FNDA:28,(anonymous_1)
FNDA:28,(anonymous_2)
FNDA:28,(anonymous_3)
FNDA:28,(anonymous_4)
FNDA:28,(anonymous_5)
DA:1,5
DA:3,5
DA:4,5
DA:5,5
DA:10,5
DA:25,5
DA:37,28
DA:38,28
DA:39,28
DA:40,28
DA:47,28
DA:51,28
DA:52,28
DA:53,28
DA:54,28
DA:74,28
DA:75,28
DA:76,28
DA:77,28
DA:79,28
DA:94,28
DA:95,28
DA:96,28
DA:97,28
DA:99,28
DA:115,28
DA:116,28
DA:117,28
DA:119,28
LF:29
LH:29
BRF:0
BRH:0
end_of_record
TN:
SF:src/molecule-unfolding/cdk/utils/utils-role.ts
FN:15,(anonymous_0)
FN:20,(anonymous_1)
FN:24,(anonymous_2)
FN:118,(anonymous_3)
FN:156,(anonymous_4)
FN:182,(anonymous_5)
FN:260,(anonymous_6)
FN:326,(anonymous_7)
FN:368,(anonymous_8)
FN:410,(anonymous_9)
FNF:10
FNH:10
FNDA:84,(anonymous_0)
FNDA:84,(anonymous_1)
FNDA:28,(anonymous_2)
FNDA:28,(anonymous_3)
FNDA:28,(anonymous_4)
FNDA:28,(anonymous_5)
FNDA:28,(anonymous_6)
FNDA:28,(anonymous_7)
FNDA:28,(anonymous_8)
FNDA:28,(anonymous_9)
DA:2,5
DA:12,5
DA:16,84
DA:17,84
DA:21,84
DA:25,28
DA:29,28
DA:43,28
DA:57,28
DA:67,28
DA:76,28
DA:85,28
DA:104,28
DA:114,28
DA:119,28
DA:122,28
DA:133,28
DA:143,28
DA:153,28
DA:157,28
DA:160,28
DA:170,28
DA:178,28
DA:183,28
DA:186,28
DA:204,28
DA:213,28
DA:223,28
DA:233,28
DA:247,28
DA:257,28
DA:261,28
DA:265,28
DA:274,28
DA:288,28
DA:298,28
DA:309,28
DA:323,28
DA:327,28
DA:331,28
DA:340,28
DA:351,28
DA:365,28
DA:369,28
DA:372,28
DA:382,28
DA:395,28
DA:406,28
DA:411,28
DA:414,28
DA:423,28
DA:436,28
DA:447,28
DA:458,28
LF:54
LH:54
BRF:0
BRH:0
end_of_record
TN:
SF:src/molecule-unfolding/cdk/utils/utils.ts
FN:11,(anonymous_0)
FN:19,(anonymous_1)
FN:97,grantKmsKeyPerm
FNF:3
FNH:3
FNDA:432,(anonymous_0)
FNDA:6642,(anonymous_1)
FNDA:168,grantKmsKeyPerm
DA:1,5
DA:2,5
DA:3,5
DA:10,5
DA:12,432
DA:13,54
DA:18,5
DA:21,6642
DA:25,54
DA:40,6588
DA:47,135
DA:53,6453
DA:63,243
DA:69,6210
DA:70,27
DA:77,6183
DA:78,27
DA:84,6156
DA:87,54
DA:97,5
DA:98,168
LF:21
LH:21
BRDA:12,0,0,54
BRDA:12,1,0,432
BRDA:12,1,1,54
BRDA:21,2,0,54
BRDA:21,2,1,6588
BRDA:22,3,0,6642
BRDA:22,3,1,6615
BRDA:40,4,0,135
BRDA:40,4,1,6453
BRDA:41,5,0,6588
BRDA:41,5,1,6561
BRDA:41,5,2,6534
BRDA:41,5,3,6507
BRDA:41,5,4,6480
BRDA:53,6,0,243
BRDA:53,6,1,6210
BRDA:53,7,0,6453
BRDA:53,7,1,6426
BRDA:53,7,2,6399
BRDA:53,7,3,6372
BRDA:53,7,4,6345
BRDA:53,7,5,6318
BRDA:53,7,6,6291
BRDA:53,7,7,6264
BRDA:53,7,8,6237
BRDA:69,8,0,27
BRDA:69,8,1,6183
BRDA:77,9,0,27
BRDA:77,9,1,6156
BRDA:84,10,0,54
BRDA:84,11,0,6156
BRDA:84,11,1,6129
BRDA:115,12,0,168
BRDA:115,12,1,0
BRF:34
BRH:33
end_of_record
TN:
SF:src/molecule-unfolding/cdk/utils/vpc.ts
FN:17,(anonymous_0)
FN:35,(anonymous_1)
FNF:2
FNH:2
FNDA:28,(anonymous_0)
FNDA:56,(anonymous_1)
DA:1,5
DA:2,5
DA:3,5
DA:4,5
DA:6,5
DA:11,5
DA:17,5
DA:19,28
DA:35,28
DA:36,56
DA:39,28
DA:42,28
DA:44,28
DA:46,28
DA:51,28
DA:56,28
DA:62,28
DA:63,28
DA:64,28
DA:65,28
DA:67,28
DA:73,28
DA:74,28
DA:75,28
DA:76,28
DA:78,28
LF:26
LH:26
BRF:0
BRH:0
end_of_record
