TN:
SF:src/stack.ts
FN:7,(anonymous_0)
FN:12,(anonymous_1)
FN:15,(anonymous_2)
FN:18,(anonymous_3)
FN:27,(anonymous_4)
FN:31,(anonymous_5)
FN:36,(anonymous_6)
FN:38,(anonymous_7)
FN:42,(anonymous_8)
FNF:9
FNH:2
FNDA:28,(anonymous_0)
FNDA:27,(anonymous_1)
FNDA:0,(anonymous_2)
FNDA:0,(anonymous_3)
FNDA:0,(anonymous_4)
FNDA:0,(anonymous_5)
FNDA:0,(anonymous_6)
FNDA:0,(anonymous_7)
FNDA:0,(anonymous_8)
DA:1,5
DA:7,5
DA:8,28
DA:13,27
DA:16,0
DA:21,0
DA:22,0
DA:23,0
DA:25,0
DA:28,0
DA:29,0
DA:31,0
DA:32,0
DA:37,0
DA:38,0
DA:41,0
DA:42,0
LF:17
LH:4
BRDA:23,0,0,0
BRDA:23,0,1,0
BRDA:28,1,0,0
BRDA:37,2,0,0
BRDA:37,2,1,0
BRF:5
BRH:0
end_of_record
TN:
SF:src/molecule-unfolding/cdk/construct-benchmark.ts
FN:61,(anonymous_0)
FN:159,(anonymous_1)
FN:173,(anonymous_2)
FN:193,(anonymous_3)
FN:239,(anonymous_4)
FN:299,(anonymous_5)
FN:371,(anonymous_6)
FN:472,(anonymous_7)
FN:489,(anonymous_8)
FN:526,(anonymous_9)
FNF:10
FNH:10
FNDA:27,(anonymous_0)
FNDA:27,(anonymous_1)
FNDA:27,(anonymous_2)
FNDA:27,(anonymous_3)
FNDA:27,(anonymous_4)
FNDA:27,(anonymous_5)
FNDA:27,(anonymous_6)
FNDA:27,(anonymous_7)
FNDA:27,(anonymous_8)
FNDA:27,(anonymous_9)
DA:1,5
DA:4,5
DA:5,5
DA:6,5
DA:8,5
DA:9,5
DA:10,5
DA:12,5
DA:16,5
DA:20,5
DA:24,5
DA:28,5
DA:32,5
DA:49,5
DA:62,27
DA:63,27
DA:64,27
DA:65,27
DA:67,27
DA:72,27
DA:77,27
DA:81,27
DA:82,27
DA:84,27
DA:85,27
DA:86,27
DA:87,27
DA:88,27
DA:89,27
DA:90,27
DA:91,27
DA:93,27
DA:103,27
DA:113,27
DA:123,27
DA:129,27
DA:132,27
DA:133,27
DA:135,27
DA:142,27
DA:150,27
DA:153,27
DA:160,27
DA:174,27
DA:175,27
DA:177,27
DA:190,27
DA:194,27
DA:204,27
DA:214,27
DA:215,27
DA:216,27
DA:218,27
DA:219,27
DA:221,27
DA:228,27
DA:235,27
DA:236,27
DA:241,27
DA:253,27
DA:255,27
DA:265,27
DA:275,27
DA:277,27
DA:278,27
DA:280,27
DA:287,27
DA:294,27
DA:296,27
DA:301,27
DA:302,27
DA:314,27
DA:326,27
DA:328,27
DA:339,27
DA:341,27
DA:343,27
DA:348,27
DA:350,27
DA:351,27
DA:353,27
DA:360,27
DA:367,27
DA:368,27
DA:372,27
DA:383,27
DA:384,27
DA:386,27
DA:413,27
DA:417,27
DA:427,27
DA:429,27
DA:431,27
DA:432,27
DA:434,27
DA:441,27
DA:448,27
DA:450,27
DA:459,27
DA:469,27
DA:473,27
DA:474,27
DA:486,27
DA:490,27
DA:491,27
DA:493,27
DA:507,27
DA:521,27
DA:527,27
DA:532,27
DA:548,27
DA:560,27
DA:565,27
LF:113
LH:113
BRF:0
BRH:0
end_of_record
TN:
SF:src/molecule-unfolding/cdk/construct-dashboard.ts
FN:17,(anonymous_0)
FNF:1
FNH:1
FNDA:27,(anonymous_0)
DA:1,5
DA:3,5
DA:13,5
DA:18,27
DA:19,27
DA:21,27
DA:22,27
DA:28,27
DA:29,27
DA:35,27
DA:36,27
DA:37,27
DA:39,27
DA:40,27
DA:63,27
DA:129,27
DA:162,27
DA:177,27
DA:212,27
DA:242,27
DA:247,27
LF:21
LH:21
BRDA:21,0,0,27
BRDA:21,0,1,27
BRDA:28,1,0,27
BRDA:28,1,1,27
BRDA:36,2,0,27
BRDA:36,2,1,27
BRF:6
BRH:6
end_of_record
TN:
SF:src/molecule-unfolding/cdk/construct-listener.ts
FN:36,(anonymous_0)
FN:44,(anonymous_1)
FNF:2
FNH:2
FNDA:27,(anonymous_0)
FNDA:27,(anonymous_1)
DA:1,5
DA:3,5
DA:4,5
DA:5,5
DA:6,5
DA:9,5
DA:14,5
DA:31,5
DA:37,27
DA:38,27
DA:39,27
DA:40,27
DA:41,27
DA:45,27
DA:46,27
DA:47,27
DA:60,27
DA:67,27
LF:18
LH:18
BRF:0
BRH:0
end_of_record
TN:
SF:src/molecule-unfolding/cdk/construct-notebook.ts
FN:38,(anonymous_0)
FN:55,(anonymous_1)
FNF:2
FNH:2
FNDA:27,(anonymous_0)
FNDA:27,(anonymous_1)
DA:1,5
DA:3,5
DA:5,5
DA:10,5
DA:14,5
DA:18,5
DA:32,5
DA:39,27
DA:40,27
DA:41,27
DA:43,27
DA:45,27
DA:51,27
DA:53,27
DA:55,27
DA:56,27
DA:58,27
DA:64,27
DA:74,27
DA:86,27
DA:88,27
LF:21
LH:21
BRF:0
BRH:0
end_of_record
TN:
SF:src/molecule-unfolding/cdk/stack-main.ts
FN:38,(anonymous_0)
FNF:1
FNH:1
FNDA:27,(anonymous_0)
DA:1,5
DA:2,5
DA:3,5
DA:5,5
DA:11,5
DA:15,5
DA:19,5
DA:23,5
DA:27,5
DA:31,5
DA:35,5
DA:39,27
DA:40,27
DA:41,27
DA:43,27
DA:45,27
DA:52,27
DA:53,27
DA:63,27
DA:67,27
DA:76,27
DA:90,27
DA:99,27
DA:108,27
DA:121,27
DA:123,0
DA:127,27
DA:137,27
LF:28
LH:27
BRDA:38,0,0,27
BRDA:121,1,0,0
BRF:2
BRH:1
end_of_record
TN:
SF:src/molecule-unfolding/cdk/utils/utils-batch.ts
FN:38,(anonymous_0)
FN:52,(anonymous_1)
FN:59,(anonymous_2)
FN:91,(anonymous_3)
FN:114,(anonymous_4)
FN:118,(anonymous_5)
FN:122,(anonymous_6)
FN:149,(anonymous_7)
FN:176,(anonymous_8)
FN:204,(anonymous_9)
FNF:10
FNH:10
FNDA:27,(anonymous_0)
FNDA:27,(anonymous_1)
FNDA:27,(anonymous_2)
FNDA:27,(anonymous_3)
FNDA:27,(anonymous_4)
FNDA:54,(anonymous_5)
FNDA:27,(anonymous_6)
FNDA:27,(anonymous_7)
FNDA:27,(anonymous_8)
FNDA:81,(anonymous_9)
DA:1,5
DA:2,5
DA:3,5
DA:12,5
DA:27,5
DA:42,27
DA:43,27
DA:44,27
DA:45,27
DA:46,27
DA:47,27
DA:48,27
DA:49,27
DA:50,27
DA:56,27
DA:60,27
DA:67,27
DA:68,27
DA:70,27
DA:83,27
DA:92,27
DA:93,27
DA:95,27
DA:106,27
DA:115,27
DA:119,54
DA:124,27
DA:125,27
DA:126,27
DA:127,27
DA:129,27
DA:151,27
DA:152,27
DA:154,27
DA:178,27
DA:179,27
DA:180,27
DA:181,27
DA:183,27
DA:205,81
LF:40
LH:40
BRF:0
BRH:0
end_of_record
TN:
SF:src/molecule-unfolding/cdk/utils/utils-images.ts
FN:8,(anonymous_0)
FN:28,(anonymous_1)
FN:33,(anonymous_2)
FN:37,(anonymous_3)
FNF:4
FNH:4
FNDA:5,(anonymous_0)
FNDA:54,(anonymous_1)
FNDA:54,(anonymous_2)
FNDA:135,(anonymous_3)
DA:1,5
DA:2,5
DA:5,5
DA:6,5
DA:8,5
DA:9,5
DA:10,5
DA:11,5
DA:12,5
DA:13,5
DA:23,5
DA:29,54
DA:30,54
DA:31,54
DA:34,54
DA:38,135
DA:40,135
DA:41,27
DA:42,0
DA:49,27
DA:53,108
DA:54,27
DA:55,0
DA:63,27
DA:67,81
DA:68,27
DA:69,0
DA:77,27
DA:81,54
DA:82,27
DA:83,0
DA:90,27
DA:94,27
DA:95,27
DA:96,0
DA:103,27
DA:105,0
LF:37
LH:31
BRDA:8,0,0,5
BRDA:8,0,1,5
BRDA:40,1,0,27
BRDA:41,2,0,0
BRDA:53,3,0,27
BRDA:54,4,0,0
BRDA:67,5,0,27
BRDA:68,6,0,0
BRDA:81,7,0,27
BRDA:82,8,0,0
BRDA:94,9,0,27
BRDA:95,10,0,0
BRF:12
BRH:7
end_of_record
TN:
SF:src/molecule-unfolding/cdk/utils/utils-lambda.ts
FN:31,(anonymous_0)
FN:43,(anonymous_1)
FN:50,(anonymous_2)
FN:73,(anonymous_3)
FN:93,(anonymous_4)
FN:115,(anonymous_5)
FNF:6
FNH:6
FNDA:27,(anonymous_0)
FNDA:27,(anonymous_1)
FNDA:27,(anonymous_2)
FNDA:27,(anonymous_3)
FNDA:27,(anonymous_4)
FNDA:27,(anonymous_5)
DA:1,5
DA:3,5
DA:4,5
DA:5,5
DA:10,5
DA:25,5
DA:37,27
DA:38,27
DA:39,27
DA:40,27
DA:47,27
DA:51,27
DA:52,27
DA:53,27
DA:54,27
DA:74,27
DA:75,27
DA:76,27
DA:77,27
DA:79,27
DA:94,27
DA:95,27
DA:96,27
DA:98,27
DA:116,27
DA:117,27
DA:118,27
DA:120,27
LF:28
LH:28
BRF:0
BRH:0
end_of_record
TN:
SF:src/molecule-unfolding/cdk/utils/utils-role.ts
FN:16,(anonymous_0)
FN:21,(anonymous_1)
FN:25,(anonymous_2)
FN:51,(anonymous_3)
FN:138,(anonymous_4)
FN:176,(anonymous_5)
FN:212,(anonymous_6)
FN:260,(anonymous_7)
FN:295,(anonymous_8)
FN:356,(anonymous_9)
FN:376,(anonymous_10)
FN:395,(anonymous_11)
FN:415,(anonymous_12)
FNF:13
FNH:13
FNDA:81,(anonymous_0)
FNDA:81,(anonymous_1)
FNDA:135,(anonymous_2)
FNDA:27,(anonymous_3)
FNDA:27,(anonymous_4)
FNDA:27,(anonymous_5)
FNDA:27,(anonymous_6)
FNDA:27,(anonymous_7)
FNDA:27,(anonymous_8)
FNDA:27,(anonymous_9)
FNDA:27,(anonymous_10)
FNDA:27,(anonymous_11)
FNDA:27,(anonymous_12)
DA:2,5
DA:13,5
DA:17,81
DA:18,81
DA:22,81
DA:26,135
DA:39,135
DA:52,27
DA:56,27
DA:70,27
DA:84,27
DA:96,27
DA:105,27
DA:124,27
DA:134,27
DA:139,27
DA:142,27
DA:153,27
DA:163,27
DA:173,27
DA:177,27
DA:180,27
DA:190,27
DA:200,27
DA:208,27
DA:213,27
DA:216,27
DA:226,27
DA:235,27
DA:249,27
DA:257,27
DA:261,27
DA:264,27
DA:274,27
DA:284,27
DA:292,27
DA:296,27
DA:299,27
DA:300,27
DA:301,27
DA:323,27
DA:332,27
DA:342,27
DA:352,27
DA:353,27
DA:357,27
DA:361,27
DA:371,27
DA:373,27
DA:377,27
DA:381,27
DA:390,27
DA:392,27
DA:396,27
DA:399,27
DA:409,27
DA:411,27
DA:416,27
DA:419,27
DA:429,27
DA:439,27
DA:441,27
DA:452,27
LF:63
LH:63
BRF:0
BRH:0
end_of_record
TN:
SF:src/molecule-unfolding/cdk/utils/utils.ts
FN:11,(anonymous_0)
FN:19,(anonymous_1)
FN:116,grantKmsKeyPerm
FNF:3
FNH:3
FNDA:416,(anonymous_0)
FNDA:7436,(anonymous_1)
FNDA:162,grantKmsKeyPerm
DA:1,5
DA:2,5
DA:3,5
DA:10,5
DA:12,416
DA:13,52
DA:18,5
DA:21,7436
DA:25,26
DA:40,7410
DA:47,130
DA:53,7280
DA:65,260
DA:71,7020
DA:74,52
DA:80,6968
DA:85,78
DA:96,6890
DA:97,26
DA:103,6864
DA:106,52
DA:116,5
DA:117,162
LF:23
LH:23
BRDA:12,0,0,52
BRDA:12,1,0,416
BRDA:12,1,1,52
BRDA:21,2,0,26
BRDA:21,2,1,7410
BRDA:22,3,0,7436
BRDA:22,3,1,7410
BRDA:40,4,0,130
BRDA:40,4,1,7280
BRDA:41,5,0,7410
BRDA:41,5,1,7384
BRDA:41,5,2,7358
BRDA:41,5,3,7332
BRDA:41,5,4,7306
BRDA:53,6,0,260
BRDA:53,6,1,7020
BRDA:53,7,0,7280
BRDA:53,7,1,7254
BRDA:53,7,2,7228
BRDA:53,7,3,7202
BRDA:53,7,4,7176
BRDA:53,7,5,7150
BRDA:53,7,6,7124
BRDA:53,7,7,7098
BRDA:53,7,8,7072
BRDA:53,7,9,7046
BRDA:53,7,10,7020
BRDA:71,8,0,52
BRDA:71,8,1,6968
BRDA:71,9,0,7020
BRDA:71,9,1,6994
BRDA:80,10,0,78
BRDA:80,10,1,6890
BRDA:81,11,0,6968
BRDA:81,11,1,6942
BRDA:81,11,2,6916
BRDA:96,12,0,26
BRDA:96,12,1,6864
BRDA:103,13,0,52
BRDA:103,14,0,6864
BRDA:103,14,1,6838
BRDA:134,15,0,162
BRDA:134,15,1,0
BRF:43
BRH:42
end_of_record
TN:
SF:src/molecule-unfolding/cdk/utils/vpc.ts
FN:17,(anonymous_0)
FN:35,(anonymous_1)
FNF:2
FNH:2
FNDA:27,(anonymous_0)
FNDA:54,(anonymous_1)
DA:1,5
DA:2,5
DA:3,5
DA:4,5
DA:6,5
DA:11,5
DA:17,5
DA:19,27
DA:35,27
DA:36,54
DA:39,27
DA:42,27
DA:44,27
DA:46,27
DA:53,27
DA:58,27
DA:64,27
DA:65,27
DA:66,27
DA:67,27
DA:69,27
DA:75,27
DA:76,27
DA:77,27
DA:78,27
DA:80,27
LF:26
LH:26
BRF:0
BRH:0
end_of_record
